==============================================================================
TestCases                                                                     
==============================================================================
TestCases.Searchtests                                                         
==============================================================================
TestCases.Searchtests.Extendedsearch                                          
==============================================================================
Extendedsearchtest using harikrishnan.sreekumaran@condenast.com an... | PASS |
------------------------------------------------------------------------------
Extendedsearchtest using harikrishnan.sreekumaran@condenast.com an... | PASS |
------------------------------------------------------------------------------
TestCases.Searchtests.Extendedsearch                                  | PASS |
2 tests, 2 passed, 0 failed
==============================================================================
TestCases.Searchtests                                                 | PASS |
2 tests, 2 passed, 0 failed
==============================================================================
TestCases                                                             | PASS |
2 tests, 2 passed, 0 failed
==============================================================================
Output:  /Users/hsreekum/PycharmProjects/DAMrobotAutomationframeworktwo/pabot_results/13/output.xml
