==============================================================================
TestCases                                                                     
==============================================================================
TestCases.Searchtests                                                         
==============================================================================
TestCases.Searchtests.Basicsearch                                             
==============================================================================
Basicsearchtest using harikrishnan.sreekumaran@condenast.com and M... Biker Boots
| PASS |
------------------------------------------------------------------------------
TestCases.Searchtests.Basicsearch                                     | PASS |
1 test, 1 passed, 0 failed
==============================================================================
TestCases.Searchtests                                                 | PASS |
1 test, 1 passed, 0 failed
==============================================================================
TestCases                                                             | PASS |
1 test, 1 passed, 0 failed
==============================================================================
Output:  /Users/hsreekum/PycharmProjects/DAMrobotAutomationframeworktwo/pabot_results/12/output.xml
