==============================================================================
TestCases                                                                     
==============================================================================
TestCases.Contentcreatorcontract                                              
==============================================================================
TestCases.Contentcreatorcontract.Contentcreatorcontract                       
==============================================================================
Contentcreatorcontracttest using                                      | PASS |
------------------------------------------------------------------------------
Contentcreatorcontracttest using                                      | PASS |
------------------------------------------------------------------------------
TestCases.Contentcreatorcontract.Contentcreatorcontract               | PASS |
2 tests, 2 passed, 0 failed
==============================================================================
TestCases.Contentcreatorcontract                                      | PASS |
2 tests, 2 passed, 0 failed
==============================================================================
TestCases                                                             | PASS |
2 tests, 2 passed, 0 failed
==============================================================================
Output:  /Users/hsreekum/PycharmProjects/DAMrobotAutomationframeworktwo/pabot_results/5/output.xml
